ERROR 2021-03-29 21:21:19  APP:36 - java.util.InputMismatchException
ERROR 2021-03-29 21:22:15  APP:36 - java.util.InputMismatchException
ERROR 2021-03-29 21:22:36  APP:147 - java.util.InputMismatchException
WARN  2021-04-11 22:57:16  APP:17 - false
WARN  2021-04-11 22:58:44  APP:17 - false
WARN  2021-04-11 23:00:33  APP:17 - false
WARN  2021-04-11 23:14:54  APP:17 - false
ERROR 2021-04-12 08:53:28  APP:155 - java.lang.ArrayIndexOutOfBoundsException: Index 2 out of bounds for length 2
ERROR 2021-04-12 08:57:05  APP:154 - java.lang.ArrayIndexOutOfBoundsException: Index 1 out of bounds for length 1
ERROR 2021-04-12 10:32:49  APP:154 - java.lang.ArrayIndexOutOfBoundsException: Index 1 out of bounds for length 1
ERROR 2021-04-12 10:41:20  APP:154 - java.lang.ArrayIndexOutOfBoundsException: Index 1 out of bounds for length 1
ERROR 2021-04-12 10:41:56  APP:154 - java.util.InputMismatchException
ERROR 2021-04-12 10:42:23  APP:154 - java.util.InputMismatchException
ERROR 2021-04-12 10:55:00  APP:162 - Error: java.util.InputMismatchException
	at java.base/java.util.Scanner.throwFor(Scanner.java:939)
	at java.base/java.util.Scanner.next(Scanner.java:1594)
	at java.base/java.util.Scanner.nextInt(Scanner.java:2258)
	at java.base/java.util.Scanner.nextInt(Scanner.java:2212)
	at ru.bstu.it32.manukov.lab1.Main.task_4(Main.java:129)
	at ru.bstu.it32.manukov.lab1.Main.main(Main.java:186)

WARN  2021-04-12 11:10:52 ru.bstu.it32.manukov.lab1.Main APP:18 - false
WARN  2021-04-12 11:11:37 task_1 APP:18 - false
ERROR 2021-04-12 11:11:42 task_1 APP:40 - java.util.InputMismatchException
ERROR 2021-04-12 11:11:53 task_4 APP:155 - java.util.InputMismatchException
WARN  2021-04-12 11:11:58 task_1 APP:18 - false
WARN  2021-04-12 11:12:10 task_1 APP:25 - 5.0 4.0 3.0
ERROR 2021-04-12 11:12:14 task_2 APP:56 - java.util.InputMismatchException
ERROR 2021-04-12 11:12:21 task_4 APP:162 - Error: java.util.InputMismatchException
	at java.base/java.util.Scanner.throwFor(Scanner.java:939)
	at java.base/java.util.Scanner.next(Scanner.java:1594)
	at java.base/java.util.Scanner.nextInt(Scanner.java:2258)
	at java.base/java.util.Scanner.nextInt(Scanner.java:2212)
	at ru.bstu.it32.manukov.lab1.Main.task_4(Main.java:129)
	at ru.bstu.it32.manukov.lab1.Main.main(Main.java:186)

